2025-07-02 17:40:40,266 - ERROR - librodiario.py:70 - Linea 1: Formato incorrecto -> 2025-06-19;Venta de disco SSD;80;InGrEso;
2025-07-02 17:40:40,266 - ERROR - librodiario.py:70 - Linea 2: Formato incorrecto -> 2025-06-18;Compra de teclado Polaroid;50;EGreSO;
2025-07-02 17:40:40,266 - ERROR - librodiario.py:70 - Linea 3: Formato incorrecto -> 2025-06-19;Venta de pantalla ENV;200;ingreso;
2025-07-02 17:42:30,119 - INFO - librodiario.py:51 - Transaccion registrada: 2025-06-19 | Venta de disco SSD | 80.0 | InGrEso
2025-07-02 17:42:30,119 - INFO - librodiario.py:51 - Transaccion registrada: 2025-06-18 | Compra de teclado Polaroid | 50.0 | EGreSO
2025-07-02 17:42:30,120 - INFO - librodiario.py:51 - Transaccion registrada: 2025-06-19 | Venta de pantalla ENV | 200.0 | ingreso
2025-07-02 17:49:57,070 - INFO - librodiario.py:51 - Transaccion registrada: 2025-06-19 | Venta de disco SSD | 80.0 | InGrEso
2025-07-02 17:49:57,070 - INFO - librodiario.py:51 - Transaccion registrada: 2025-06-18 | Compra de teclado Polaroid | 50.0 | EGreSO
2025-07-02 17:49:57,070 - INFO - librodiario.py:51 - Transaccion registrada: 2025-06-19 | Venta de pantalla ENV | 200.0 | ingreso
2025-07-02 17:50:24,584 - INFO - librodiario.py:51 - Transaccion registrada: 2025-06-19 | Venta de disco SSD | 80.0 | InGrEso
2025-07-02 17:50:24,584 - INFO - librodiario.py:51 - Transaccion registrada: 2025-06-18 | Compra de teclado Polaroid | 50.0 | EGreSO
2025-07-02 17:50:24,587 - ERROR - librodiario.py:55 - Tipo de transaccion invalido, debe poner 'ingreso' o 'egreso'. - Linea: ValueError: Tipo de transaccion invalido, debe poner 'ingreso' o 'egreso'.
2025-07-02 17:50:24,588 - ERROR - librodiario.py:55 - Formato de fecha invalido, debe usar el formato: yyyy-mm-dd. - Linea: ValueError: Formato de fecha invalido, debe usar el formato: yyyy-mm-dd.
2025-07-02 17:50:24,588 - ERROR - librodiario.py:55 - El monto debe ser mayor a cero. - Linea: librodiario.MontoInvalidoError: El monto debe ser mayor a cero.
2025-07-02 17:50:24,588 - ERROR - librodiario.py:70 - Linea 6: Formato incorrecto -> 
2025-07-02 18:11:23,873 - INFO - librodiario.py:47 - Transacción registrada: 2025-06-19 | Venta de disco SSD | 80.00 | InGrEso
2025-07-02 18:11:23,873 - INFO - librodiario.py:47 - Transacción registrada: 2025-06-18 | Compra de teclado Polaroid | 50.00 | EGreSO
2025-07-02 18:11:23,876 - ERROR - librodiario.py:51 - Tipo de transacción inválido, debe ser 'ingreso' o 'egreso'. - Línea: ValueError: Tipo de transacción inválido, debe ser 'ingreso' o 'egreso'.
2025-07-02 18:11:23,877 - ERROR - librodiario.py:51 - Formato de fecha inválido, debe usar: yyyy-mm-dd. - Línea: ValueError: Formato de fecha inválido, debe usar: yyyy-mm-dd.
2025-07-02 18:11:23,877 - ERROR - librodiario.py:51 - El monto debe ser mayor a cero. - Línea: librodiario.MontoInvalidoError: El monto debe ser mayor a cero.
2025-07-02 18:11:23,877 - ERROR - librodiario.py:62 - Línea 6: Formato incorrecto -> 
2025-07-02 18:26:29,521 - INFO - librodiario.py:56 - Transacción registrada: 2025-06-15 | Venta de producto | 1000.00 | ingreso
2025-07-02 18:26:30,483 - INFO - librodiario.py:56 - Transacción registrada: 2025-06-16 | Pago de servicios | 500.00 | egreso
2025-07-02 18:26:31,327 - ERROR - librodiario.py:63 - El monto debe ser mayor a cero. - Línea: librodiario.MontoInvalidoError: El monto debe ser mayor a cero.
2025-07-02 18:26:32,371 - ERROR - librodiario.py:63 - Tipo de transacción inválido, debe ser 'ingreso' o 'egreso'. - Línea: ValueError: Tipo de transacción inválido, debe ser 'ingreso' o 'egreso'.
2025-07-02 18:26:34,213 - INFO - librodiario.py:56 - Transacción registrada: 2025-06-16 | Pago de servicios | 500.00 | egreso
2025-07-02 18:26:35,471 - ERROR - librodiario.py:63 - El monto debe ser mayor a cero. - Línea: librodiario.MontoInvalidoError: El monto debe ser mayor a cero.
2025-07-02 18:26:36,270 - ERROR - librodiario.py:63 - El monto debe ser mayor a cero. - Línea: librodiario.MontoInvalidoError: El monto debe ser mayor a cero.
2025-07-02 18:26:37,116 - ERROR - librodiario.py:63 - El monto debe ser mayor a cero. - Línea: librodiario.MontoInvalidoError: El monto debe ser mayor a cero.
2025-07-02 18:29:18,529 - INFO - librodiario.py:56 - Transacción registrada: 2025-06-15 | Venta de producto | 1000.00 | ingreso
2025-07-02 18:29:18,529 - INFO - librodiario.py:56 - Transacción registrada: 2025-06-16 | Pago de servicios | 500.00 | egreso
2025-07-02 18:29:19,303 - INFO - librodiario.py:56 - Transacción registrada: 2025-06-15 | Venta de producto | 1000.00 | ingreso
2025-07-02 18:29:19,303 - INFO - librodiario.py:56 - Transacción registrada: 2025-06-16 | Pago de servicios | 500.00 | egreso
2025-07-02 18:29:19,802 - INFO - librodiario.py:56 - Transacción registrada: 2025-06-15 | Venta de producto | 1000.00 | ingreso
2025-07-02 18:29:19,802 - INFO - librodiario.py:56 - Transacción registrada: 2025-06-16 | Pago de servicios | 500.00 | egreso
2025-07-02 18:29:19,804 - INFO - librodiario.py:121 - Resumen exportado correctamente a test_resumen.txt
2025-07-02 18:35:38,814 - INFO - librodiario.py:56 - Transacción registrada: 2025-06-15 | Venta de producto | 1000.00 | ingreso
2025-07-02 18:35:38,814 - INFO - librodiario.py:56 - Transacción registrada: 2025-06-16 | Pago de servicios | 500.00 | egreso
2025-07-02 18:35:38,815 - INFO - librodiario.py:56 - Transacción registrada: 2025-06-15 | Venta de producto | 1000.00 | ingreso
2025-07-02 18:35:38,815 - INFO - librodiario.py:56 - Transacción registrada: 2025-06-16 | Pago de servicios | 500.00 | egreso
2025-07-02 18:35:38,816 - INFO - librodiario.py:56 - Transacción registrada: 2025-06-15 | Venta de producto | 1000.00 | ingreso
2025-07-02 18:35:38,816 - INFO - librodiario.py:56 - Transacción registrada: 2025-06-16 | Pago de servicios | 500.00 | egreso
2025-07-02 18:35:38,816 - INFO - librodiario.py:121 - Resumen exportado correctamente a test_resumen.txt
2025-07-02 18:47:04,459 - INFO - librodiario.py:56 - Transacción registrada: 2025-06-15 | Venta de producto | 1000.00 | ingreso
2025-07-02 18:47:04,459 - INFO - librodiario.py:56 - Transacción registrada: 2025-06-16 | Pago de servicios | 500.00 | egreso
2025-07-02 18:47:04,462 - INFO - librodiario.py:56 - Transacción registrada: 2025-06-15 | Venta de producto | 1000.00 | ingreso
2025-07-02 18:47:04,462 - INFO - librodiario.py:56 - Transacción registrada: 2025-06-16 | Pago de servicios | 500.00 | egreso
2025-07-02 18:47:04,462 - INFO - librodiario.py:56 - Transacción registrada: 2025-06-15 | Venta de producto | 1000.00 | ingreso
2025-07-02 18:47:04,462 - INFO - librodiario.py:56 - Transacción registrada: 2025-06-16 | Pago de servicios | 500.00 | egreso
2025-07-02 18:47:04,462 - INFO - librodiario.py:121 - Resumen exportado correctamente a test_resumen.txt
2025-07-02 18:48:48,879 - INFO - librodiario.py:56 - Transacción registrada: 2025-06-15 | Venta de producto | 1000.00 | ingreso
2025-07-02 18:48:48,879 - INFO - librodiario.py:56 - Transacción registrada: 2025-06-16 | Pago de servicios | 500.00 | egreso
2025-07-02 18:48:48,879 - INFO - librodiario.py:56 - Transacción registrada: 2025-06-15 | Venta de producto | 1000.00 | ingreso
2025-07-02 18:48:48,879 - INFO - librodiario.py:56 - Transacción registrada: 2025-06-16 | Pago de servicios | 500.00 | egreso
2025-07-02 18:48:48,879 - INFO - librodiario.py:56 - Transacción registrada: 2025-06-15 | Venta de producto | 1000.00 | ingreso
2025-07-02 18:48:48,879 - INFO - librodiario.py:56 - Transacción registrada: 2025-06-16 | Pago de servicios | 500.00 | egreso
2025-07-02 18:48:48,879 - INFO - librodiario.py:121 - Resumen exportado correctamente a test_resumen.txt
